# JRE version: OpenJDK Runtime Environment (11.0.11+9) (build 11.0.11+9-b60-7590822)
# Java VM: OpenJDK 64-Bit Server VM (11.0.11+9-b60-7590822, mixed mode, tiered, compressed oops, g1 gc, windows-amd64)
Heap:
 garbage-first heap   total 1049600K, used 232720K [0x0000000080000000, 0x0000000100000000)
  region size 1024K, 3 young (3072K), 3 survivors (3072K)
 Metaspace       used 115142K, capacity 117936K, committed 118228K, reserved 1153024K
  class space    used 14654K, capacity 15666K, committed 15744K, reserved 1048576K
GC Heap History (20 events):
Event: 33.518 GC heap after
{Heap after GC invocations=45 (full 0):
 garbage-first heap   total 199680K, used 172573K [0x0000000080000000, 0x0000000100000000)
  region size 1024K, 1 young (1024K), 1 survivors (1024K)
 Metaspace       used 111665K, capacity 114449K, committed 114772K, reserved 1148928K
  class space    used 14250K, capacity 15257K, committed 15360K, reserved 1048576K
}
Event: 33.658 GC heap before
{Heap before GC invocations=45 (full 0):
 garbage-first heap   total 199680K, used 180765K [0x0000000080000000, 0x0000000100000000)
  region size 1024K, 9 young (9216K), 1 survivors (1024K)
 Metaspace       used 112935K, capacity 115674K, committed 115924K, reserved 1150976K
  class space    used 14444K, capacity 15452K, committed 15488K, reserved 1048576K
}
Event: 33.660 GC heap after
{Heap after GC invocations=46 (full 0):
 garbage-first heap   total 199680K, used 173217K [0x0000000080000000, 0x0000000100000000)
  region size 1024K, 2 young (2048K), 2 survivors (2048K)
 Metaspace       used 112935K, capacity 115674K, committed 115924K, reserved 1150976K
  class space    used 14444K, capacity 15452K, committed 15488K, reserved 1048576K
}
Event: 33.746 GC heap before
{Heap before GC invocations=46 (full 0):
 garbage-first heap   total 199680K, used 181409K [0x0000000080000000, 0x0000000100000000)
  region size 1024K, 9 young (9216K), 2 survivors (2048K)
 Metaspace       used 113686K, capacity 116424K, committed 116564K, reserved 1150976K
  class space    used 14535K, capacity 15553K, committed 15616K, reserved 1048576K
}
Event: 33.751 GC heap after
{Heap after GC invocations=47 (full 0):
 garbage-first heap   total 199680K, used 174356K [0x0000000080000000, 0x0000000100000000)
  region size 1024K, 2 young (2048K), 2 survivors (2048K)
 Metaspace       used 113686K, capacity 116424K, committed 116564K, reserved 1150976K
  class space    used 14535K, capacity 15553K, committed 15616K, reserved 1048576K
}
Event: 33.841 GC heap before
{Heap before GC invocations=47 (full 0):
 garbage-first heap   total 199680K, used 181524K [0x0000000080000000, 0x0000000100000000)
  region size 1024K, 9 young (9216K), 2 survivors (2048K)
 Metaspace       used 113945K, capacity 116705K, committed 116820K, reserved 1150976K
  class space    used 14559K, capacity 15561K, committed 15616K, reserved 1048576K
}
Event: 33.854 GC heap after
{Heap after GC invocations=48 (full 0):
 garbage-first heap   total 199680K, used 175650K [0x0000000080000000, 0x0000000100000000)
  region size 1024K, 2 young (2048K), 2 survivors (2048K)
 Metaspace       used 113945K, capacity 116705K, committed 116820K, reserved 1150976K
  class space    used 14559K, capacity 15561K, committed 15616K, reserved 1048576K
}
Event: 34.089 GC heap before
{Heap before GC invocations=48 (full 0):
 garbage-first heap   total 199680K, used 181794K [0x0000000080000000, 0x0000000100000000)
  region size 1024K, 9 young (9216K), 2 survivors (2048K)
 Metaspace       used 114664K, capacity 117434K, committed 117716K, reserved 1150976K
  class space    used 14637K, capacity 15632K, committed 15744K, reserved 1048576K
}
Event: 34.097 GC heap after
{Heap after GC invocations=49 (full 0):
 garbage-first heap   total 199680K, used 176516K [0x0000000080000000, 0x0000000100000000)
  region size 1024K, 1 young (1024K), 1 survivors (1024K)
 Metaspace       used 114664K, capacity 117434K, committed 117716K, reserved 1150976K
  class space    used 14637K, capacity 15632K, committed 15744K, reserved 1048576K
}
Event: 34.200 GC heap before
{Heap before GC invocations=50 (full 0):
 garbage-first heap   total 199680K, used 184708K [0x0000000080000000, 0x0000000100000000)
  region size 1024K, 9 young (9216K), 1 survivors (1024K)
 Metaspace       used 114989K, capacity 117802K, committed 117972K, reserved 1150976K
  class space    used 14653K, capacity 15666K, committed 15744K, reserved 1048576K
}
Event: 34.206 GC heap after
{Heap after GC invocations=51 (full 0):
 garbage-first heap   total 199680K, used 179387K [0x0000000080000000, 0x0000000100000000)
  region size 1024K, 2 young (2048K), 2 survivors (2048K)
 Metaspace       used 114989K, capacity 117802K, committed 117972K, reserved 1150976K
  class space    used 14653K, capacity 15666K, committed 15744K, reserved 1048576K
}
Event: 34.225 GC heap before
{Heap before GC invocations=51 (full 0):
 garbage-first heap   total 199680K, used 186555K [0x0000000080000000, 0x0000000100000000)
  region size 1024K, 9 young (9216K), 2 survivors (2048K)
 Metaspace       used 114989K, capacity 117802K, committed 117972K, reserved 1150976K
  class space    used 14653K, capacity 15666K, committed 15744K, reserved 1048576K
}
Event: 34.269 GC heap after
{Heap after GC invocations=52 (full 0):
 garbage-first heap   total 350208K, used 186559K [0x0000000080000000, 0x0000000100000000)
  region size 1024K, 2 young (2048K), 2 survivors (2048K)
 Metaspace       used 114989K, capacity 117802K, committed 117972K, reserved 1150976K
  class space    used 14653K, capacity 15666K, committed 15744K, reserved 1048576K
}
Event: 34.844 GC heap before
{Heap before GC invocations=53 (full 0):
 garbage-first heap   total 350208K, used 234687K [0x0000000080000000, 0x0000000100000000)
  region size 1024K, 49 young (50176K), 2 survivors (2048K)
 Metaspace       used 114993K, capacity 117802K, committed 117972K, reserved 1150976K
  class space    used 14653K, capacity 15666K, committed 15744K, reserved 1048576K
}
Event: 34.988 GC heap after
{Heap after GC invocations=54 (full 0):
 garbage-first heap   total 350208K, used 223146K [0x0000000080000000, 0x0000000100000000)
  region size 1024K, 7 young (7168K), 7 survivors (7168K)
 Metaspace       used 114993K, capacity 117802K, committed 117972K, reserved 1150976K
  class space    used 14653K, capacity 15666K, committed 15744K, reserved 1048576K
}
Event: 35.131 GC heap before
{Heap before GC invocations=54 (full 0):
 garbage-first heap   total 350208K, used 256938K [0x0000000080000000, 0x0000000100000000)
  region size 1024K, 40 young (40960K), 7 survivors (7168K)
 Metaspace       used 115085K, capacity 117870K, committed 117972K, reserved 1150976K
  class space    used 14653K, capacity 15666K, committed 15744K, reserved 1048576K
}
Event: 35.153 GC heap after
{Heap after GC invocations=55 (full 0):
 garbage-first heap   total 350208K, used 247296K [0x0000000080000000, 0x0000000100000000)
  region size 1024K, 5 young (5120K), 5 survivors (5120K)
 Metaspace       used 115085K, capacity 117870K, committed 117972K, reserved 1150976K
  class space    used 14653K, capacity 15666K, committed 15744K, reserved 1048576K
}
Event: 35.198 GC heap before
{Heap before GC invocations=55 (full 0):
 garbage-first heap   total 350208K, used 270848K [0x0000000080000000, 0x0000000100000000)
  region size 1024K, 28 young (28672K), 5 survivors (5120K)
 Metaspace       used 115085K, capacity 117870K, committed 117972K, reserved 1150976K
  class space    used 14653K, capacity 15666K, committed 15744K, reserved 1048576K
}
Event: 35.219 GC heap after
{Heap after GC invocations=56 (full 0):
 garbage-first heap   total 350208K, used 270848K [0x0000000080000000, 0x0000000100000000)
  region size 1024K, 4 young (4096K), 4 survivors (4096K)
 Metaspace       used 115085K, capacity 117870K, committed 117972K, reserved 1150976K
  class space    used 14653K, capacity 15666K, committed 15744K, reserved 1048576K
}
Event: 35.785 GC heap before
{Heap before GC invocations=57 (full 0):
 garbage-first heap   total 350208K, used 242176K [0x0000000080000000, 0x0000000100000000)
  region size 1024K, 17 young (17408K), 4 survivors (4096K)
 Metaspace       used 115142K, capacity 117936K, committed 118228K, reserved 1153024K
  class space    used 14654K, capacity 15666K, committed 15744K, reserved 1048576K
}

